Sun Dec 31 2017 15:38:43 GMT+0100 (CET): GET /favicon.ico
Sun Dec 31 2017 19:01:12 GMT+0100 (CET): POST /article/edit/:id
Sun Dec 31 2017 19:01:13 GMT+0100 (CET): POST /article/delete/:id
Sun Dec 31 2017 19:44:08 GMT+0100 (CET): POST /article/edit/5a48e4a350e35934b9c8adb5
Sun Dec 31 2017 19:44:10 GMT+0100 (CET): POST /article/delete/5a48e4a350e35934b9c8adb5
Sun Dec 31 2017 19:45:00 GMT+0100 (CET): POST /article/edit/5a48e4a350e35934b9c8adb5
Sun Dec 31 2017 19:45:02 GMT+0100 (CET): POST /article/delete/5a48e4a350e35934b9c8adb5
Sun Dec 31 2017 19:45:33 GMT+0100 (CET): POST /article/edit/5a48e4a350e35934b9c8adb5
Sun Dec 31 2017 19:46:24 GMT+0100 (CET): POST /article/edit/5a48e4a350e35934b9c8adb5
Sun Dec 31 2017 19:46:26 GMT+0100 (CET): POST /article/delete/5a48e4a350e35934b9c8adb5
Mon Jan 01 2018 12:04:29 GMT+0100 (CET): POST /article/edit/5a48e4a350e35934b9c8adb5
Mon Jan 01 2018 12:12:38 GMT+0100 (CET): POST /article/edit/5a48e4a350e35934b9c8adb5
Mon Jan 01 2018 18:08:59 GMT+0100 (CET): GET /favicon.ico
Mon Jan 01 2018 18:10:32 GMT+0100 (CET): POST /article/edit/5a4a1924aad9132034b7157f
Mon Jan 01 2018 18:34:55 GMT+0100 (CET): POST /article/delete/5a48e4a350e35934b9c8adb5
Mon Jan 01 2018 19:08:18 GMT+0100 (CET): POST /article/delete/5a4a78d14d8a1d2069202d62
Mon Jan 01 2018 19:14:22 GMT+0100 (CET): GET /article/
Mon Jan 01 2018 22:09:43 GMT+0100 (CET): GET /qwewqe
Mon Jan 01 2018 22:20:20 GMT+0100 (CET): GET /qwewqe
Mon Jan 01 2018 22:21:38 GMT+0100 (CET): GET /qwewqe
Mon Jan 01 2018 22:21:38 GMT+0100 (CET): GET /qwewqe
Mon Jan 01 2018 22:24:29 GMT+0100 (CET): GET /qwewqe
Mon Jan 01 2018 22:28:56 GMT+0100 (CET): GET /qwewqe
Mon Jan 01 2018 22:36:17 GMT+0100 (CET): GET /qwewqe
Mon Jan 01 2018 22:36:19 GMT+0100 (CET): GET /qwewqe
Mon Jan 01 2018 22:36:19 GMT+0100 (CET): GET /qwewqe
Mon Jan 01 2018 22:36:24 GMT+0100 (CET): GET /qwewqe
Tue Jan 02 2018 09:33:09 GMT+0100 (CET): GET /favicon.ico
Wed Jan 03 2018 09:44:44 GMT+0100 (CET): GET /comment/dislike/5a4bc483eda53b7755a47aec
Wed Jan 03 2018 09:44:46 GMT+0100 (CET): GET /comment/like/5a4bc483eda53b7755a47aec
Wed Jan 03 2018 09:44:48 GMT+0100 (CET): GET /comment/like/5a4bce96eda53b7755a47aed
Wed Jan 03 2018 09:44:51 GMT+0100 (CET): GET /comment/like/5a4bc483eda53b7755a47aec
Wed Jan 03 2018 09:44:53 GMT+0100 (CET): GET /comment/like/5a4bce96eda53b7755a47aed
Wed Jan 03 2018 09:44:55 GMT+0100 (CET): GET /comment/like/5a4bce9ceda53b7755a47aee
Wed Jan 03 2018 09:44:57 GMT+0100 (CET): GET /comment/like/5a4bcea5eda53b7755a47aef
Wed Jan 03 2018 09:44:59 GMT+0100 (CET): GET /comment/like/5a4bced7eda53b7755a47af2
Wed Jan 03 2018 09:45:00 GMT+0100 (CET): GET /comment/dislike/5a4bced7eda53b7755a47af2
Wed Jan 03 2018 09:45:14 GMT+0100 (CET): GET /comment/like/5a4bc483eda53b7755a47aec
Wed Jan 03 2018 14:13:33 GMT+0100 (CET): POST /comment/dislike
Wed Jan 03 2018 14:13:34 GMT+0100 (CET): POST /comment/dislike
